# JRE version: Java(TM) SE Runtime Environment (21.0+35) (build 21+35-LTS-2513)
# Java VM: Java HotSpot(TM) 64-Bit Server VM (21+35-LTS-2513, mixed mode, emulated-client, sharing, tiered, compressed oops, compressed class ptrs, g1 gc, windows-amd64)
GC Precious Log:
 CardTable entry size: 512
 Card Set container configuration: InlinePtr #cards 4 size 8 Array Of Cards #cards 16 size 48 Howl #buckets 8 coarsen threshold 3686 Howl Bitmap #cards 512 size 80 coarsen threshold 460 Card regions per heap region 1 cards per card region 4096
 CPUs: 4 total, 4 available
 Memory: 12230M
 Large Page Support: Disabled
 NUMA Support: Disabled
 Compressed Oops: Enabled (Zero based)
 Heap Region Size: 2M
 Heap Min Capacity: 8M
 Heap Initial Capacity: 192M
 Heap Max Capacity: 3058M
 Pre-touch: Disabled
 Parallel Workers: 4
 Concurrent Workers: 1
 Concurrent Refinement Workers: 4
 Periodic GC: Disabled
Heap:
 garbage-first heap   total 90112K, used 73952K [0x0000000740e00000, 0x0000000800000000)
  region size 2048K, 22 young (45056K), 2 survivors (4096K)
 Metaspace       used 73155K, committed 73856K, reserved 1114112K
  class space    used 10117K, committed 10432K, reserved 1048576K
GC Heap History (20 events):
Event: 13.978 GC heap after
{Heap after GC invocations=19 (full 0):
 garbage-first heap   total 81920K, used 25070K [0x0000000740e00000, 0x0000000800000000)
  region size 2048K, 2 young (4096K), 2 survivors (4096K)
 Metaspace       used 57749K, committed 58432K, reserved 1114112K
  class space    used 8006K, committed 8320K, reserved 1048576K
}
Event: 14.293 GC heap before
{Heap before GC invocations=19 (full 0):
 garbage-first heap   total 81920K, used 49646K [0x0000000740e00000, 0x0000000800000000)
  region size 2048K, 15 young (30720K), 2 survivors (4096K)
 Metaspace       used 59985K, committed 60608K, reserved 1114112K
  class space    used 8303K, committed 8576K, reserved 1048576K
}
Event: 14.298 GC heap after
{Heap after GC invocations=20 (full 0):
 garbage-first heap   total 81920K, used 26470K [0x0000000740e00000, 0x0000000800000000)
  region size 2048K, 3 young (6144K), 3 survivors (6144K)
 Metaspace       used 59985K, committed 60608K, reserved 1114112K
  class space    used 8303K, committed 8576K, reserved 1048576K
}
Event: 14.567 GC heap before
{Heap before GC invocations=21 (full 0):
 garbage-first heap   total 81920K, used 69478K [0x0000000740e00000, 0x0000000800000000)
  region size 2048K, 24 young (49152K), 3 survivors (6144K)
 Metaspace       used 61526K, committed 62272K, reserved 1114112K
  class space    used 8573K, committed 8896K, reserved 1048576K
}
Event: 14.573 GC heap after
{Heap after GC invocations=22 (full 0):
 garbage-first heap   total 81920K, used 28105K [0x0000000740e00000, 0x0000000800000000)
  region size 2048K, 3 young (6144K), 3 survivors (6144K)
 Metaspace       used 61526K, committed 62272K, reserved 1114112K
  class space    used 8573K, committed 8896K, reserved 1048576K
}
Event: 14.833 GC heap before
{Heap before GC invocations=22 (full 0):
 garbage-first heap   total 81920K, used 69065K [0x0000000740e00000, 0x0000000800000000)
  region size 2048K, 23 young (47104K), 3 survivors (6144K)
 Metaspace       used 62990K, committed 63744K, reserved 1114112K
  class space    used 8784K, committed 9088K, reserved 1048576K
}
Event: 14.842 GC heap after
{Heap after GC invocations=23 (full 0):
 garbage-first heap   total 98304K, used 29283K [0x0000000740e00000, 0x0000000800000000)
  region size 2048K, 3 young (6144K), 3 survivors (6144K)
 Metaspace       used 62990K, committed 63744K, reserved 1114112K
  class space    used 8784K, committed 9088K, reserved 1048576K
}
Event: 26.996 GC heap before
{Heap before GC invocations=23 (full 0):
 garbage-first heap   total 98304K, used 78435K [0x0000000740e00000, 0x0000000800000000)
  region size 2048K, 28 young (57344K), 3 survivors (6144K)
 Metaspace       used 66858K, committed 67648K, reserved 1114112K
  class space    used 9328K, committed 9664K, reserved 1048576K
}
Event: 27.005 GC heap after
{Heap after GC invocations=24 (full 0):
 garbage-first heap   total 98304K, used 31679K [0x0000000740e00000, 0x0000000800000000)
  region size 2048K, 3 young (6144K), 3 survivors (6144K)
 Metaspace       used 66858K, committed 67648K, reserved 1114112K
  class space    used 9328K, committed 9664K, reserved 1048576K
}
Event: 47.345 GC heap before
{Heap before GC invocations=24 (full 0):
 garbage-first heap   total 98304K, used 80831K [0x0000000740e00000, 0x0000000800000000)
  region size 2048K, 28 young (57344K), 3 survivors (6144K)
 Metaspace       used 71747K, committed 72512K, reserved 1114112K
  class space    used 9979K, committed 10304K, reserved 1048576K
}
Event: 47.353 GC heap after
{Heap after GC invocations=25 (full 0):
 garbage-first heap   total 98304K, used 34527K [0x0000000740e00000, 0x0000000800000000)
  region size 2048K, 4 young (8192K), 4 survivors (8192K)
 Metaspace       used 71747K, committed 72512K, reserved 1114112K
  class space    used 9979K, committed 10304K, reserved 1048576K
}
Event: 464.762 GC heap before
{Heap before GC invocations=25 (full 0):
 garbage-first heap   total 98304K, used 81631K [0x0000000740e00000, 0x0000000800000000)
  region size 2048K, 27 young (55296K), 4 survivors (8192K)
 Metaspace       used 72533K, committed 73344K, reserved 1114112K
  class space    used 10076K, committed 10432K, reserved 1048576K
}
Event: 464.768 GC heap after
{Heap after GC invocations=26 (full 0):
 garbage-first heap   total 98304K, used 34748K [0x0000000740e00000, 0x0000000800000000)
  region size 2048K, 2 young (4096K), 2 survivors (4096K)
 Metaspace       used 72533K, committed 73344K, reserved 1114112K
  class space    used 10076K, committed 10432K, reserved 1048576K
}
Event: 625.850 GC heap before
{Heap before GC invocations=26 (full 0):
 garbage-first heap   total 98304K, used 51132K [0x0000000740e00000, 0x0000000800000000)
  region size 2048K, 11 young (22528K), 2 survivors (4096K)
 Metaspace       used 72655K, committed 73472K, reserved 1114112K
  class space    used 10101K, committed 10432K, reserved 1048576K
}
Event: 625.908 GC heap after
{Heap after GC invocations=27 (full 1):
 garbage-first heap   total 90112K, used 25132K [0x0000000740e00000, 0x0000000800000000)
  region size 2048K, 0 young (0K), 0 survivors (0K)
 Metaspace       used 72271K, committed 73472K, reserved 1114112K
  class space    used 10002K, committed 10432K, reserved 1048576K
}
Event: 631.124 GC heap before
{Heap before GC invocations=27 (full 1):
 garbage-first heap   total 90112K, used 78380K [0x0000000740e00000, 0x0000000800000000)
  region size 2048K, 26 young (53248K), 0 survivors (0K)
 Metaspace       used 72613K, committed 73472K, reserved 1114112K
  class space    used 10069K, committed 10432K, reserved 1048576K
}
Event: 631.132 GC heap after
{Heap after GC invocations=28 (full 1):
 garbage-first heap   total 90112K, used 30897K [0x0000000740e00000, 0x0000000800000000)
  region size 2048K, 3 young (6144K), 3 survivors (6144K)
 Metaspace       used 72613K, committed 73472K, reserved 1114112K
  class space    used 10069K, committed 10432K, reserved 1048576K
}
Event: 631.682 GC heap before
{Heap before GC invocations=29 (full 1):
 garbage-first heap   total 90112K, used 75953K [0x0000000740e00000, 0x0000000800000000)
  region size 2048K, 25 young (51200K), 3 survivors (6144K)
 Metaspace       used 72933K, committed 73664K, reserved 1114112K
  class space    used 10086K, committed 10432K, reserved 1048576K
}
Event: 631.689 GC heap after
{Heap after GC invocations=30 (full 1):
 garbage-first heap   total 90112K, used 33319K [0x0000000740e00000, 0x0000000800000000)
  region size 2048K, 2 young (4096K), 2 survivors (4096K)
 Metaspace       used 72933K, committed 73664K, reserved 1114112K
  class space    used 10086K, committed 10432K, reserved 1048576K
}
Event: 675.701 GC heap before
{Heap before GC invocations=30 (full 1):
 garbage-first heap   total 90112K, used 72231K [0x0000000740e00000, 0x0000000800000000)
  region size 2048K, 22 young (45056K), 2 survivors (4096K)
 Metaspace       used 73155K, committed 73856K, reserved 1114112K
  class space    used 10117K, committed 10432K, reserved 1048576K
}

